0 verbose cli /usr/local/bin/node /usr/local/bin/npm
1 info using npm@10.5.0
2 info using node@v20.12.2
3 timing npm:load:whichnode Completed in 1ms
4 timing config:load:defaults Completed in 1ms
5 timing config:load:file:/usr/local/lib/node_modules/npm/npmrc Completed in 1ms
6 timing config:load:builtin Completed in 2ms
7 timing config:load:cli Completed in 2ms
8 timing config:load:env Completed in 0ms
9 timing config:load:project Completed in 1ms
10 timing config:load:file:/Users/abc/.npmrc Completed in 0ms
11 timing config:load:user Completed in 0ms
12 timing config:load:file:/usr/local/etc/npmrc Completed in 1ms
13 timing config:load:global Completed in 1ms
14 timing config:load:setEnvs Completed in 0ms
15 timing config:load Completed in 8ms
16 timing npm:load:configload Completed in 8ms
17 timing config:load:flatten Completed in 2ms
18 timing npm:load:mkdirpcache Completed in 1ms
19 timing npm:load:mkdirplogs Completed in 0ms
20 verbose title npm install npm
21 verbose argv "install" "npm" "--global"
22 timing npm:load:setTitle Completed in 18ms
23 timing npm:load:display Completed in 1ms
24 verbose logfile logs-max:10 dir:/Users/abc/.npm/_logs/2024-05-06T11_03_18_761Z-
25 verbose logfile /Users/abc/.npm/_logs/2024-05-06T11_03_18_761Z-debug-0.log
26 timing npm:load:logFile Completed in 7ms
27 timing npm:load:timers Completed in 0ms
28 timing npm:load:configScope Completed in 0ms
29 timing npm:load Completed in 56ms
30 timing config:load:flatten Completed in 1ms
31 silly logfile start cleaning logs, removing 1 files
32 silly logfile done cleaning log files
33 http fetch GET 200 https://registry.npmjs.org/npm 22ms (cache hit)
34 timing arborist:ctor Completed in 1ms
35 timing idealTree:init Completed in 5ms
36 timing idealTree:userRequests Completed in 1ms
37 silly idealTree buildDeps
38 silly fetch manifest npm@*
39 http fetch GET 200 https://registry.npmjs.org/npm 47ms (cache hit)
40 silly placeDep ROOT npm@10.7.0 OK for:  want: *
41 timing idealTree:#root Completed in 371ms
42 timing idealTree:node_modules/npm Completed in 0ms
43 timing idealTree:buildDeps Completed in 372ms
44 timing idealTree:fixDepFlags Completed in 2ms
45 timing idealTree Completed in 381ms
46 timing reify:loadTrees Completed in 452ms
47 timing reify:diffTrees Completed in 3ms
48 silly reify mark retired [
48 silly reify   '/usr/local/lib/node_modules/npm',
48 silly reify   '/usr/local/bin/npm',
48 silly reify   '/usr/local/bin/npx'
48 silly reify ]
49 silly reify moves {
49 silly reify   '/usr/local/lib/node_modules/npm': '/usr/local/lib/node_modules/.npm-i9nnxROI',
49 silly reify   '/usr/local/bin/npm': '/usr/local/bin/.npm-uJtxIR1m',
49 silly reify   '/usr/local/bin/npx': '/usr/local/bin/.npx-xXo12k2C'
49 silly reify }
50 timing reify:rollback:retireShallow Completed in 1ms
51 timing command:install Completed in 517ms
52 verbose stack Error: EACCES: permission denied, rename '/usr/local/lib/node_modules/npm' -> '/usr/local/lib/node_modules/.npm-i9nnxROI'
53 verbose cwd /Users/abc/Desktop/World Engine/archiquest-next-main0506
54 verbose Darwin 21.5.0
55 verbose node v20.12.2
56 verbose npm  v10.5.0
57 error code EACCES
58 error syscall rename
59 error path /usr/local/lib/node_modules/npm
60 error dest /usr/local/lib/node_modules/.npm-i9nnxROI
61 error errno -13
62 error [Error: EACCES: permission denied, rename '/usr/local/lib/node_modules/npm' -> '/usr/local/lib/node_modules/.npm-i9nnxROI'] {
62 error   errno: -13,
62 error   code: 'EACCES',
62 error   syscall: 'rename',
62 error   path: '/usr/local/lib/node_modules/npm',
62 error   dest: '/usr/local/lib/node_modules/.npm-i9nnxROI'
62 error }
63 error
63 error The operation was rejected by your operating system.
63 error It is likely you do not have the permissions to access this file as the current user
63 error
63 error If you believe this might be a permissions issue, please double-check the
63 error permissions of the file and its containing directories, or try running
63 error the command again as root/Administrator.
64 verbose exit -13
65 timing npm Completed in 722ms
66 verbose unfinished npm timer reify 1714993399016
67 verbose unfinished npm timer reify:retireShallow 1714993399474
68 verbose code -13
69 error A complete log of this run can be found in: /Users/abc/.npm/_logs/2024-05-06T11_03_18_761Z-debug-0.log
